<?xml version="1.0" encoding="UTF-8"?>
<testsuite xmlns:xsi="http://www.w3.org/2001/XMLSchema-instance" xsi:noNamespaceSchemaLocation="https://maven.apache.org/surefire/maven-surefire-plugin/xsd/surefire-test-report.xsd" name="com.mycompany.app.AppTest" time="0.034" tests="5" errors="1" skipped="0" failures="0">
  <properties>
[...]
</properties>
  <testcase name="newLineShouldReturnTheirSum" classname="com.mycompany.app.AppTest" time="0.002"/>
  <testcase name="twoNumbersShouldReturnTheirSum" classname="com.mycompany.app.AppTest" time="0"/>
  <testcase name="emptyStringShouldReturnZero" classname="com.mycompany.app.AppTest" time="0"/>
  <testcase name="newLineShouldReturnTheirSum2" classname="com.mycompany.app.AppTest" time="0.003">
    <error message="begin 2, end -1, length 15" type="java.lang.StringIndexOutOfBoundsException">java.lang.StringIndexOutOfBoundsException: begin 2, end -1, length 15
	at com.mycompany.app.AppTest.newLineShouldReturnTheirSum2(AppTest.java:47)
</error>
  </testcase>
  <testcase name="oneNumberShouldReturnThatNumber" classname="com.mycompany.app.AppTest" time="0"/>
</testsuite>