<?xml version="1.0" encoding="UTF-8"?>
<testsuite xmlns:xsi="http://www.w3.org/2001/XMLSchema-instance" xsi:noNamespaceSchemaLocation="https://maven.apache.org/surefire/maven-surefire-plugin/xsd/surefire-test-report.xsd" name="com.mycompany.app.AppTest" time="0.028" tests="4" errors="0" skipped="0" failures="0">
  <properties>
[...]
</properties>
  <testcase name="checkIfFunctionReturnsBuzz" classname="com.mycompany.app.AppTest" time="0.019"/>
  <testcase name="checkIfFunctionReturnsFizz" classname="com.mycompany.app.AppTest" time="0"/>
  <testcase name="executeWithValidIntTest" classname="com.mycompany.app.AppTest" time="0.001"/>
  <testcase name="checkIfFunctionReturnsFizzBuzz" classname="com.mycompany.app.AppTest" time="0.001"/>
</testsuite>